<?xml version="1.0" encoding="UTF-8"?>
<!-- Generated by org.testng.reporters.JUnitReportReporter -->
<testsuite hostname="IE4LLTBZN4PQ2" failures="0" tests="3" name="swiggyAppTesting.SwiggyAppTest" time="53.644" errors="0" timestamp="2022-08-31T17:17:40 IST" skipped="0">
  <testcase classname="swiggyAppTesting.SwiggyAppTest" name="changeLocation" time="9.858"/>
  <system-out/>
  <testcase classname="swiggyAppTesting.SwiggyAppTest" name="searchRestaurantTest" time="19.971"/>
  <system-out/>
  <testcase classname="swiggyAppTesting.SwiggyAppTest" name="searchItemTest" time="23.815"/>
  <system-out/>
</testsuite> <!-- swiggyAppTesting.SwiggyAppTest -->
