<?xml version="1.0" encoding="UTF-8"?>
<!-- Generated by org.testng.reporters.JUnitReportReporter -->
<testsuite hostname="IE4LLTBZN4PQ2" failures="0" tests="3" name="swiggyAppTesting.SwiggyAppTest" time="58.756" errors="0" timestamp="2022-09-03T12:29:10 IST" skipped="0">
  <testcase classname="swiggyAppTesting.SwiggyAppTest" name="changeLocation" time="15.194"/>
  <system-out/>
  <testcase classname="swiggyAppTesting.SwiggyAppTest" name="searchRestaurantTest" time="19.001"/>
  <system-out/>
  <testcase classname="swiggyAppTesting.SwiggyAppTest" name="searchItemTest" time="24.561"/>
  <system-out/>
</testsuite> <!-- swiggyAppTesting.SwiggyAppTest -->
