<?xml version="1.0" encoding="UTF-8"?>
<!-- Generated by org.testng.reporters.JUnitReportReporter -->
<testsuite hostname="IE4LLTBZN4PQ2" failures="0" tests="3" name="swiggyAppTesting.SwiggyAppTest" time="59.997" errors="0" timestamp="2022-09-03T12:53:45 IST" skipped="0">
  <testcase classname="swiggyAppTesting.SwiggyAppTest" name="changeLocation" time="16.137"/>
  <system-out/>
  <testcase classname="swiggyAppTesting.SwiggyAppTest" name="searchRestaurantTest" time="21.081"/>
  <system-out/>
  <testcase classname="swiggyAppTesting.SwiggyAppTest" name="searchItemTest" time="22.779"/>
  <system-out/>
</testsuite> <!-- swiggyAppTesting.SwiggyAppTest -->
